<?xml version="1.0" encoding="UTF-8"?>
<!-- Generated by org.testng.reporters.JUnitReportReporter -->
<testsuite hostname="DESKTOP-PJQ746I" failures="0" tests="1" name="testCases.TC_001_AccountReistrationTest" time="8.597" errors="0" timestamp="2025-09-11T16:35:30 IST" skipped="0">
  <testcase classname="testCases.TC_001_AccountReistrationTest" name="verify_acc_registration" time="8.597"/>
</testsuite> <!-- testCases.TC_001_AccountReistrationTest -->
