<?xml version="1.0" encoding="UTF-8"?>
<!-- Generated by org.testng.reporters.JUnitReportReporter -->
<testsuite hostname="DESKTOP-PJQ746I" failures="0" tests="5" name="testCases.TC_003_LoginDDT" time="47.308" errors="0" timestamp="2025-09-01T17:20:08 IST" skipped="0">
  <testcase classname="testCases.TC_003_LoginDDT" name="Verify_LoginDDT" time="7.067"/>
  <testcase classname="testCases.TC_003_LoginDDT" name="Verify_LoginDDT" time="15.719"/>
  <testcase classname="testCases.TC_003_LoginDDT" name="Verify_LoginDDT" time="5.057"/>
  <testcase classname="testCases.TC_003_LoginDDT" name="Verify_LoginDDT" time="4.979"/>
  <testcase classname="testCases.TC_003_LoginDDT" name="Verify_LoginDDT" time="14.486"/>
</testsuite> <!-- testCases.TC_003_LoginDDT -->
